0 info it worked if it ends with ok
1 verbose cli [ 'C:\\Program Files\\nodejs\\\\node.exe',
1 verbose cli   'C:\\Program Files\\nodejs\\node_modules\\npm\\bin\\npm-cli.js',
1 verbose cli   'install',
1 verbose cli   '--save',
1 verbose cli   'vinyl-source-string' ]
2 info using npm@1.4.28
3 info using node@v0.10.33
4 verbose node symlink C:\Program Files\nodejs\\node.exe
5 warn package.json pluralsight_demo@1.0.0 No description
6 warn package.json pluralsight_demo@1.0.0 No repository field.
7 warn package.json pluralsight_demo@1.0.0 No README data
8 verbose readDependencies using package.json deps
9 verbose cache add [ 'vinyl-source-string', null ]
10 verbose cache add name=undefined spec="vinyl-source-string" args=["vinyl-source-string",null]
11 verbose parsed url { protocol: null,
11 verbose parsed url   slashes: null,
11 verbose parsed url   auth: null,
11 verbose parsed url   host: null,
11 verbose parsed url   port: null,
11 verbose parsed url   hostname: null,
11 verbose parsed url   hash: null,
11 verbose parsed url   search: null,
11 verbose parsed url   query: null,
11 verbose parsed url   pathname: 'vinyl-source-string',
11 verbose parsed url   path: 'vinyl-source-string',
11 verbose parsed url   href: 'vinyl-source-string' }
12 silly lockFile 3e7f4735-vinyl-source-string vinyl-source-string
13 verbose lock vinyl-source-string C:\Users\clarkan.CORP\AppData\Roaming\npm-cache\3e7f4735-vinyl-source-string.lock
14 silly lockFile 3e7f4735-vinyl-source-string vinyl-source-string
15 silly lockFile 3e7f4735-vinyl-source-string vinyl-source-string
16 verbose addNamed [ 'vinyl-source-string', '' ]
17 verbose addNamed [ null, '*' ]
18 silly lockFile fe5b97e9-vinyl-source-string vinyl-source-string@
19 verbose lock vinyl-source-string@ C:\Users\clarkan.CORP\AppData\Roaming\npm-cache\fe5b97e9-vinyl-source-string.lock
20 silly addNameRange { name: 'vinyl-source-string', range: '*', hasData: false }
21 verbose request where is /vinyl-source-string
22 verbose request registry https://registry.npmjs.org/
23 verbose request id 9dacaebff11b12c9
24 verbose url raw /vinyl-source-string
25 verbose url resolving [ 'https://registry.npmjs.org/', './vinyl-source-string' ]
26 verbose url resolved https://registry.npmjs.org/vinyl-source-string
27 verbose request where is https://registry.npmjs.org/vinyl-source-string
28 info trying registry request attempt 1 at 14:19:40
29 http GET https://registry.npmjs.org/vinyl-source-string
30 http 404 https://registry.npmjs.org/vinyl-source-string
31 silly registry.get cb [ 404,
31 silly registry.get   { 'content-type': 'application/json',
31 silly registry.get     'cache-control': 'max-age=0',
31 silly registry.get     'content-length': '2',
31 silly registry.get     'accept-ranges': 'bytes',
31 silly registry.get     date: 'Fri, 04 Sep 2015 20:19:40 GMT',
31 silly registry.get     via: '1.1 varnish',
31 silly registry.get     age: '0',
31 silly registry.get     connection: 'keep-alive',
31 silly registry.get     'x-served-by': 'cache-sjc3127-SJC',
31 silly registry.get     'x-cache': 'MISS',
31 silly registry.get     'x-cache-hits': '0',
31 silly registry.get     'x-timer': 'S1441397980.859932,VS0,VE88' } ]
32 silly lockFile fe5b97e9-vinyl-source-string vinyl-source-string@
33 silly lockFile fe5b97e9-vinyl-source-string vinyl-source-string@
34 error 404 Not Found
34 error 404
34 error 404 'vinyl-source-string' is not in the npm registry.
34 error 404 You should bug the author to publish it
34 error 404 It was specified as a dependency of 'pluralsight_demo'
34 error 404
34 error 404 Note that you can also install from a
34 error 404 tarball, folder, or http url, or git url.
35 error System Windows_NT 6.1.7601
36 error command "C:\\Program Files\\nodejs\\\\node.exe" "C:\\Program Files\\nodejs\\node_modules\\npm\\bin\\npm-cli.js" "install" "--save" "vinyl-source-string"
37 error cwd C:\Users\clarkan.CORP\Desktop\React Exp\pluralsight_demo
38 error node -v v0.10.33
39 error npm -v 1.4.28
40 error code E404
41 verbose exit [ 1, true ]
